<?xml version="1.0" encoding="UTF-8"?>
<!-- Generated by org.testng.reporters.JUnitReportReporter -->
<testsuite hostname="DESKTOP-1NV6O7N" failures="0" tests="1" name="Parent_Initializations.Initializations" time="0.118" errors="0" timestamp="2022-11-27T01:44:16 IST" skipped="0">
  <testcase classname="Parent_Initializations.Initializations" name="TC01" time="0.118"/>
  <system-out/>
</testsuite> <!-- Parent_Initializations.Initializations -->
