<?xml version="1.0" encoding="UTF-8"?>
<!-- Generated by org.testng.reporters.JUnitReportReporter -->
<testsuite hostname="DESKTOP-1NV6O7N" failures="0" tests="3" name="NOPCommerce_Regression_suite.Admin_Login_Page_TestCases" time="31.747" errors="0" timestamp="2022-11-27T07:21:55 IST" skipped="0">
  <testcase classname="NOPCommerce_Regression_suite.Admin_Login_Page_TestCases" name="TC03_check_login" time="18.683"/>
  <system-out/>
  <testcase classname="NOPCommerce_Regression_suite.Admin_Login_Page_TestCases" name="TC01_search_site" time="12.280"/>
  <system-out/>
  <testcase classname="NOPCommerce_Regression_suite.Admin_Login_Page_TestCases" name="TC02_TakeScreenshot" time="0.784"/>
  <system-out/>
</testsuite> <!-- NOPCommerce_Regression_suite.Admin_Login_Page_TestCases -->
