<?xml version="1.0" encoding="UTF-8"?>
<!-- Generated by org.testng.reporters.JUnitReportReporter -->
<testsuite hostname="DESKTOP-1NV6O7N" failures="0" tests="3" name="NOPCommerce_Regression_suite.Admin_Login_Page_TestCases" time="14.148" errors="0" timestamp="2022-11-27T07:03:21 IST" skipped="0">
  <testcase classname="NOPCommerce_Regression_suite.Admin_Login_Page_TestCases" name="TC02_TakeScreenshot" time="0.637"/>
  <system-out/>
  <testcase classname="NOPCommerce_Regression_suite.Admin_Login_Page_TestCases" name="TC03_check_login" time="7.071"/>
  <system-out/>
  <testcase classname="NOPCommerce_Regression_suite.Admin_Login_Page_TestCases" name="TC01_search_site" time="6.440"/>
  <system-out/>
</testsuite> <!-- NOPCommerce_Regression_suite.Admin_Login_Page_TestCases -->
