<?xml version="1.0" encoding="UTF-8"?>
<!-- Generated by org.testng.reporters.JUnitReportReporter -->
<testsuite hostname="DESKTOP-1NV6O7N" failures="0" tests="1" name="NOPCommerce_Regression_suite.Dashboard_Page_TestCases" time="9.750" errors="0" timestamp="2022-11-27T07:35:44 IST" skipped="0">
  <testcase classname="NOPCommerce_Regression_suite.Dashboard_Page_TestCases" name="TC04_check_dashboard_page_title" time="9.750"/>
  <system-out/>
</testsuite> <!-- NOPCommerce_Regression_suite.Dashboard_Page_TestCases -->
